<?xml version="1.0" encoding="UTF-8"?>
<!-- Generated by org.testng.reporters.JUnitXMLReporter -->
<testsuite ignored="0" hostname="DESKTOP-4MMFVJL" failures="0" tests="2" name="Default test" time="16.628" errors="0" timestamp="2020-09-18T13:22:23 IST">
  <testcase classname="org.testExecutionEngine.TestExecutionEngine" name="executionEngine" time="0.004"/>
  <testcase classname="org.testExecutionEngine.TestExecutionEngine" name="executionEngine" time="0.005"/>
</testsuite> <!-- Default test -->
