<?xml version="1.0" encoding="UTF-8"?>
<!-- Generated by org.testng.reporters.JUnitXMLReporter -->
<testsuite ignored="0" hostname="DESKTOP-4MMFVJL" failures="0" tests="4" name="PrimaryExecution" time="31.493" errors="0" timestamp="2020-09-18T14:03:37 IST">
  <testcase classname="org.testExecutionEngine.TestExecutionEngine" name="executionEngine" time="10.527"/>
  <testcase classname="org.testExecutionEngine.TestExecutionEngine" name="executionEngine" time="9.952"/>
  <testcase classname="org.testExecutionEngine.TestExecutionEngine" name="executionEngine" time="12.798"/>
  <testcase classname="org.testExecutionEngine.TestExecutionEngine" name="executionEngine" time="3.108"/>
</testsuite> <!-- PrimaryExecution -->
