<?xml version="1.0" encoding="UTF-8"?>
<!-- Generated by org.testng.reporters.JUnitXMLReporter -->
<testsuite ignored="0" hostname="DESKTOP-4MMFVJL" failures="0" tests="2" name="RerunExecution" time="13.258" errors="0" timestamp="2020-09-18T14:03:50 IST">
  <testcase classname="org.testExecutionEngine.TestExecutionEngine" name="executionEngine" time="7.281"/>
  <testcase classname="org.testExecutionEngine.TestExecutionEngine" name="executionEngine" time="5.427"/>
</testsuite> <!-- RerunExecution -->
