<?xml version="1.0" encoding="UTF-8"?>
<!-- Generated by org.testng.reporters.JUnitXMLReporter -->
<testsuite ignored="0" hostname="DESKTOP-4MMFVJL" failures="0" tests="4" name="Test" time="48.88" errors="0" timestamp="2020-09-18T00:18:32 IST">
  <testcase classname="org.testExecutionEngine.TestExecutionEngine" name="executionEngine" time="15.342"/>
  <testcase classname="org.testExecutionEngine.TestExecutionEngine" name="executionEngine" time="18.529"/>
  <testcase classname="org.testExecutionEngine.TestExecutionEngine" name="executionEngine" time="20.797"/>
  <testcase classname="org.testExecutionEngine.TestExecutionEngine" name="executionEngine" time="6.912"/>
</testsuite> <!-- Test -->
