<?xml version="1.0" encoding="UTF-8"?>
<!-- Generated by org.testng.reporters.JUnitXMLReporter -->
<testsuite ignored="0" hostname="DESKTOP-4MMFVJL" failures="1" tests="1" name="TestClass1" time="2.238" errors="0" timestamp="2021-10-15T16:39:25 IST">
  <testcase classname="com.apllicationRelatedFunctionalities.test.TestClass1" name="testCase1" time="0.0">
    <failure type="org.testng.TestNGException" message="
Data Provider public java.util.HashMap org.testExecutionEngine.TestExecutionEngine.dataprovider() must return either Object[][] or Object[] or Iterator&amp;lt;Object[]&amp;gt; or Iterator&amp;lt;Object&amp;gt;, not class java.util.HashMap">
      <![CDATA[org.testng.TestNGException: 
Data Provider public java.util.HashMap org.testExecutionEngine.TestExecutionEngine.dataprovider() must return either Object[][] or Object[] or Iterator<Object[]> or Iterator<Object>, not class java.util.HashMap
at java.base/java.util.ArrayList.forEach(ArrayList.java:1511)
... Removed 24 stack frames]]>
    </failure>
  </testcase> <!-- testCase1 -->
</testsuite> <!-- TestClass1 -->
