<?xml version="1.0" encoding="UTF-8"?>
<testng-results ignored="0" total="6" passed="6" failed="0" skipped="0">
  <reporter-output>
  </reporter-output>
  <suite started-at="2020-09-18T14:03:05 IST" name="Suite" finished-at="2020-09-18T14:03:50 IST" duration-ms="44782">
    <groups>
    </groups>
    <test started-at="2020-09-18T14:03:05 IST" name="PrimaryExecution" finished-at="2020-09-18T14:03:37 IST" duration-ms="31493">
      <class name="org.testExecutionEngine.TestExecutionEngine">
        <test-method is-config="true" signature="beforeclass(java.lang.String)[pri:0, instance:org.testExecutionEngine.TestExecutionEngine@6e20b53a]" started-at="2020-09-18T14:03:05 IST" name="beforeclass" finished-at="2020-09-18T14:03:06 IST" duration-ms="235" status="PASS">
          <params>
            <param index="0">
              <value>
                <![CDATA[Primary]]>
              </value>
            </param>
          </params>
          <reporter-output>
          </reporter-output>
        </test-method> <!-- beforeclass -->
        <test-method is-config="true" signature="scenarioKeyword(org.testng.ITestResult)[pri:0, instance:org.testExecutionEngine.TestExecutionEngine@6e20b53a]" started-at="2020-09-18T14:03:06 IST" name="scenarioKeyword" finished-at="2020-09-18T14:03:15 IST" duration-ms="9274" status="PASS">
          <params>
            <param index="0">
              <value>
                <![CDATA[[TestResult name={null} status=CREATED method=TestExecutionEngine.executionEngine(java.lang.String)[pri:0, instance:org.testExecutionEngine.TestExecutionEngine@6e20b53a] output={null}]]]>
              </value>
            </param>
          </params>
          <reporter-output>
          </reporter-output>
        </test-method> <!-- scenarioKeyword -->
        <test-method is-config="true" signature="scenarioKeyword(org.testng.ITestResult)[pri:0, instance:org.testExecutionEngine.TestExecutionEngine@6e20b53a]" started-at="2020-09-18T14:03:06 IST" name="scenarioKeyword" finished-at="2020-09-18T14:03:17 IST" duration-ms="10935" status="PASS">
          <params>
            <param index="0">
              <value>
                <![CDATA[[TestResult name={null} status=CREATED method=TestExecutionEngine.executionEngine(java.lang.String)[pri:0, instance:org.testExecutionEngine.TestExecutionEngine@6e20b53a] output={null}]]]>
              </value>
            </param>
          </params>
          <reporter-output>
          </reporter-output>
        </test-method> <!-- scenarioKeyword -->
        <test-method is-config="true" signature="scenarioKeyword(org.testng.ITestResult)[pri:0, instance:org.testExecutionEngine.TestExecutionEngine@6e20b53a]" started-at="2020-09-18T14:03:06 IST" name="scenarioKeyword" finished-at="2020-09-18T14:03:15 IST" duration-ms="9066" status="PASS">
          <params>
            <param index="0">
              <value>
                <![CDATA[[TestResult name={null} status=CREATED method=TestExecutionEngine.executionEngine(java.lang.String)[pri:0, instance:org.testExecutionEngine.TestExecutionEngine@6e20b53a] output={null}]]]>
              </value>
            </param>
          </params>
          <reporter-output>
          </reporter-output>
        </test-method> <!-- scenarioKeyword -->
        <test-method signature="executionEngine(java.lang.String)[pri:0, instance:org.testExecutionEngine.TestExecutionEngine@6e20b53a]" started-at="2020-09-18T14:03:15 IST" name="executionEngine" data-provider="dataProvider" finished-at="2020-09-18T14:03:28 IST" duration-ms="12798" status="PASS">
          <params>
            <param index="0">
              <value>
                <![CDATA[AmazonMobileSearch]]>
              </value>
            </param>
          </params>
          <reporter-output>
          </reporter-output>
        </test-method> <!-- executionEngine -->
        <test-method signature="executionEngine(java.lang.String)[pri:0, instance:org.testExecutionEngine.TestExecutionEngine@6e20b53a]" started-at="2020-09-18T14:03:15 IST" name="executionEngine" data-provider="dataProvider" finished-at="2020-09-18T14:03:26 IST" duration-ms="10527" status="PASS">
          <params>
            <param index="0">
              <value>
                <![CDATA[AmazonLaptopSearch]]>
              </value>
            </param>
          </params>
          <reporter-output>
          </reporter-output>
        </test-method> <!-- executionEngine -->
        <test-method signature="executionEngine(java.lang.String)[pri:0, instance:org.testExecutionEngine.TestExecutionEngine@6e20b53a]" started-at="2020-09-18T14:03:17 IST" name="executionEngine" data-provider="dataProvider" finished-at="2020-09-18T14:03:27 IST" duration-ms="9952" status="PASS">
          <params>
            <param index="0">
              <value>
                <![CDATA[AmazonToday's Deals2]]>
              </value>
            </param>
          </params>
          <reporter-output>
          </reporter-output>
        </test-method> <!-- executionEngine -->
        <test-method is-config="true" signature="afterclass()[pri:0, instance:org.testExecutionEngine.TestExecutionEngine@6e20b53a]" started-at="2020-09-18T14:03:26 IST" name="afterclass" finished-at="2020-09-18T14:03:29 IST" duration-ms="2629" status="PASS">
          <reporter-output>
          </reporter-output>
        </test-method> <!-- afterclass -->
        <test-method is-config="true" signature="afterclass()[pri:0, instance:org.testExecutionEngine.TestExecutionEngine@6e20b53a]" started-at="2020-09-18T14:03:27 IST" name="afterclass" finished-at="2020-09-18T14:03:27 IST" duration-ms="92" status="PASS">
          <reporter-output>
          </reporter-output>
        </test-method> <!-- afterclass -->
        <test-method is-config="true" signature="scenarioKeyword(org.testng.ITestResult)[pri:0, instance:org.testExecutionEngine.TestExecutionEngine@6e20b53a]" started-at="2020-09-18T14:03:27 IST" name="scenarioKeyword" finished-at="2020-09-18T14:03:34 IST" duration-ms="6528" status="PASS">
          <params>
            <param index="0">
              <value>
                <![CDATA[[TestResult name={null} status=CREATED method=TestExecutionEngine.executionEngine(java.lang.String)[pri:0, instance:org.testExecutionEngine.TestExecutionEngine@6e20b53a] output={null}]]]>
              </value>
            </param>
          </params>
          <reporter-output>
          </reporter-output>
        </test-method> <!-- scenarioKeyword -->
        <test-method is-config="true" signature="afterclass()[pri:0, instance:org.testExecutionEngine.TestExecutionEngine@6e20b53a]" started-at="2020-09-18T14:03:28 IST" name="afterclass" finished-at="2020-09-18T14:03:30 IST" duration-ms="1457" status="PASS">
          <reporter-output>
          </reporter-output>
        </test-method> <!-- afterclass -->
        <test-method signature="executionEngine(java.lang.String)[pri:0, instance:org.testExecutionEngine.TestExecutionEngine@6e20b53a]" started-at="2020-09-18T14:03:34 IST" name="executionEngine" data-provider="dataProvider" finished-at="2020-09-18T14:03:37 IST" duration-ms="3108" status="PASS">
          <params>
            <param index="0">
              <value>
                <![CDATA[AmazonToday's Deals1]]>
              </value>
            </param>
          </params>
          <reporter-output>
          </reporter-output>
        </test-method> <!-- executionEngine -->
        <test-method is-config="true" signature="afterclass()[pri:0, instance:org.testExecutionEngine.TestExecutionEngine@6e20b53a]" started-at="2020-09-18T14:03:37 IST" name="afterclass" finished-at="2020-09-18T14:03:37 IST" duration-ms="95" status="PASS">
          <reporter-output>
          </reporter-output>
        </test-method> <!-- afterclass -->
      </class> <!-- org.testExecutionEngine.TestExecutionEngine -->
    </test> <!-- PrimaryExecution -->
    <test started-at="2020-09-18T14:03:37 IST" name="RerunExecution" finished-at="2020-09-18T14:03:50 IST" duration-ms="13258">
      <class name="org.testExecutionEngine.TestExecutionEngine">
        <test-method is-config="true" signature="beforeclass(java.lang.String)[pri:0, instance:org.testExecutionEngine.TestExecutionEngine@222545dc]" started-at="2020-09-18T14:03:37 IST" name="beforeclass" finished-at="2020-09-18T14:03:37 IST" duration-ms="1" status="PASS">
          <params>
            <param index="0">
              <value>
                <![CDATA[Rerun]]>
              </value>
            </param>
          </params>
          <reporter-output>
          </reporter-output>
        </test-method> <!-- beforeclass -->
        <test-method is-config="true" signature="scenarioKeyword(org.testng.ITestResult)[pri:0, instance:org.testExecutionEngine.TestExecutionEngine@222545dc]" started-at="2020-09-18T14:03:37 IST" name="scenarioKeyword" finished-at="2020-09-18T14:03:43 IST" duration-ms="5789" status="PASS">
          <params>
            <param index="0">
              <value>
                <![CDATA[[TestResult name={null} status=CREATED method=TestExecutionEngine.executionEngine(java.lang.String)[pri:0, instance:org.testExecutionEngine.TestExecutionEngine@222545dc] output={null}]]]>
              </value>
            </param>
          </params>
          <reporter-output>
          </reporter-output>
        </test-method> <!-- scenarioKeyword -->
        <test-method is-config="true" signature="scenarioKeyword(org.testng.ITestResult)[pri:0, instance:org.testExecutionEngine.TestExecutionEngine@222545dc]" started-at="2020-09-18T14:03:37 IST" name="scenarioKeyword" finished-at="2020-09-18T14:03:45 IST" duration-ms="7733" status="PASS">
          <params>
            <param index="0">
              <value>
                <![CDATA[[TestResult name={null} status=CREATED method=TestExecutionEngine.executionEngine(java.lang.String)[pri:0, instance:org.testExecutionEngine.TestExecutionEngine@222545dc] output={null}]]]>
              </value>
            </param>
          </params>
          <reporter-output>
          </reporter-output>
        </test-method> <!-- scenarioKeyword -->
        <test-method signature="executionEngine(java.lang.String)[pri:0, instance:org.testExecutionEngine.TestExecutionEngine@222545dc]" started-at="2020-09-18T14:03:43 IST" name="executionEngine" data-provider="dataProvider" finished-at="2020-09-18T14:03:50 IST" duration-ms="7281" status="PASS">
          <params>
            <param index="0">
              <value>
                <![CDATA[AmazonToday's Deals2]]>
              </value>
            </param>
          </params>
          <reporter-output>
          </reporter-output>
        </test-method> <!-- executionEngine -->
        <test-method signature="executionEngine(java.lang.String)[pri:0, instance:org.testExecutionEngine.TestExecutionEngine@222545dc]" started-at="2020-09-18T14:03:45 IST" name="executionEngine" data-provider="dataProvider" finished-at="2020-09-18T14:03:50 IST" duration-ms="5427" status="PASS">
          <params>
            <param index="0">
              <value>
                <![CDATA[AmazonToday's Deals1]]>
              </value>
            </param>
          </params>
          <reporter-output>
          </reporter-output>
        </test-method> <!-- executionEngine -->
        <test-method is-config="true" signature="afterclass()[pri:0, instance:org.testExecutionEngine.TestExecutionEngine@222545dc]" started-at="2020-09-18T14:03:50 IST" name="afterclass" finished-at="2020-09-18T14:03:50 IST" duration-ms="80" status="PASS">
          <reporter-output>
          </reporter-output>
        </test-method> <!-- afterclass -->
        <test-method is-config="true" signature="afterclass()[pri:0, instance:org.testExecutionEngine.TestExecutionEngine@222545dc]" started-at="2020-09-18T14:03:50 IST" name="afterclass" finished-at="2020-09-18T14:03:50 IST" duration-ms="13" status="PASS">
          <reporter-output>
          </reporter-output>
        </test-method> <!-- afterclass -->
      </class> <!-- org.testExecutionEngine.TestExecutionEngine -->
    </test> <!-- RerunExecution -->
  </suite> <!-- Suite -->
</testng-results>
